[0.007s] Invoking command in '/home/sitong/car_simu/car_demo/build/prius_description': CMAKE_PREFIX_PATH=/home/sitong/S-CarSim/install/velodyne_simulator:/home/sitong/S-CarSim/install/velodyne_gazebo_plugins:/home/sitong/S-CarSim/install/velodyne_description:/home/sitong/S-CarSim/install/car_sim:/home/sitong/S-CarSim/install/car_sim_gazebo:/home/sitong/S-CarSim/install/car_sim_description:/home/sitong/S-CarSim/install/audibot:/home/sitong/S-CarSim/install/audibot_gazebo:/opt/ros/humble:/home/sitong/S-CarSim/install/audibot_description CONDA_PROMPT_MODIFIER=(base) /usr/bin/cmake /home/sitong/car_simu/car_demo/prius_description -DCMAKE_INSTALL_PREFIX=/home/sitong/car_simu/car_demo/install/prius_description
[0.116s] -- The C compiler identification is GNU 11.4.0
[0.191s] -- The CXX compiler identification is GNU 11.4.0
[0.198s] -- Detecting C compiler ABI info
[0.271s] -- Detecting C compiler ABI info - done
[0.275s] -- Check for working C compiler: /usr/bin/cc - skipped
[0.276s] -- Detecting C compile features
[0.276s] -- Detecting C compile features - done
[0.278s] -- Detecting CXX compiler ABI info
[0.357s] -- Detecting CXX compiler ABI info - done
[0.361s] -- Check for working CXX compiler: /usr/bin/c++ - skipped
[0.361s] -- Detecting CXX compile features
[0.362s] -- Detecting CXX compile features - done
[0.367s] -- Found ament_cmake: 1.3.10 (/opt/ros/humble/share/ament_cmake/cmake)
[0.668s] -- Found Python3: /home/sitong/anaconda3/bin/python3 (found version "3.12.3") found components: Interpreter 
[0.742s] -- Found xacro: 2.0.8 (/opt/ros/humble/share/xacro/cmake)
[0.758s] Traceback (most recent call last):
[0.758s]   File "/opt/ros/humble/share/ament_cmake_core/cmake/core/package_xml_2_cmake.py", line 22, in <module>
[0.758s]     from catkin_pkg.package import parse_package_string
[0.758s] ModuleNotFoundError: No module named 'catkin_pkg'
[0.760s] [31mCMake Error at /opt/ros/humble/share/ament_cmake_core/cmake/core/ament_package_xml.cmake:95 (message):
[0.760s]   execute_process(/home/sitong/anaconda3/bin/python3
[0.760s]   /opt/ros/humble/share/ament_cmake_core/cmake/core/package_xml_2_cmake.py
[0.760s]   /home/sitong/car_simu/car_demo/prius_description/package.xml
[0.760s]   /home/sitong/car_simu/car_demo/build/prius_description/ament_cmake_core/package.cmake)
[0.761s]   returned error code 1
[0.761s] Call Stack (most recent call first):
[0.761s]   /opt/ros/humble/share/ament_cmake_core/cmake/core/ament_package_xml.cmake:49 (_ament_package_xml)
[0.761s]   /opt/ros/humble/share/ament_cmake_core/cmake/core/ament_package.cmake:63 (ament_package_xml)
[0.761s]   CMakeLists.txt:19 (ament_package)
[0.761s] 
[0.761s] [0m
[0.761s] -- Configuring incomplete, errors occurred!
[0.761s] See also "/home/sitong/car_simu/car_demo/build/prius_description/CMakeFiles/CMakeOutput.log".
[0.763s] Invoked command in '/home/sitong/car_simu/car_demo/build/prius_description' returned '1': CMAKE_PREFIX_PATH=/home/sitong/S-CarSim/install/velodyne_simulator:/home/sitong/S-CarSim/install/velodyne_gazebo_plugins:/home/sitong/S-CarSim/install/velodyne_description:/home/sitong/S-CarSim/install/car_sim:/home/sitong/S-CarSim/install/car_sim_gazebo:/home/sitong/S-CarSim/install/car_sim_description:/home/sitong/S-CarSim/install/audibot:/home/sitong/S-CarSim/install/audibot_gazebo:/opt/ros/humble:/home/sitong/S-CarSim/install/audibot_description CONDA_PROMPT_MODIFIER=(base) /usr/bin/cmake /home/sitong/car_simu/car_demo/prius_description -DCMAKE_INSTALL_PREFIX=/home/sitong/car_simu/car_demo/install/prius_description
