[0.009s] Invoking command in '/home/sitong/car_simu/car_demo/build/prius_msgs': CMAKE_PREFIX_PATH=/home/sitong/S-CarSim/install/velodyne_simulator:/home/sitong/S-CarSim/install/velodyne_gazebo_plugins:/home/sitong/S-CarSim/install/velodyne_description:/home/sitong/S-CarSim/install/car_sim:/home/sitong/S-CarSim/install/car_sim_gazebo:/home/sitong/S-CarSim/install/car_sim_description:/home/sitong/S-CarSim/install/audibot:/home/sitong/S-CarSim/install/audibot_gazebo:/opt/ros/humble:/home/sitong/S-CarSim/install/audibot_description CONDA_PROMPT_MODIFIER=(base) /usr/bin/cmake /home/sitong/car_simu/car_demo/prius_msgs -DCMAKE_INSTALL_PREFIX=/home/sitong/car_simu/car_demo/install/prius_msgs
[0.122s] -- The C compiler identification is GNU 11.4.0
[0.197s] -- The CXX compiler identification is GNU 11.4.0
[0.204s] -- Detecting C compiler ABI info
[0.278s] -- Detecting C compiler ABI info - done
[0.283s] -- Check for working C compiler: /usr/bin/cc - skipped
[0.283s] -- Detecting C compile features
[0.283s] -- Detecting C compile features - done
[0.284s] -- Detecting CXX compiler ABI info
[0.364s] -- Detecting CXX compiler ABI info - done
[0.368s] -- Check for working CXX compiler: /usr/bin/c++ - skipped
[0.368s] -- Detecting CXX compile features
[0.368s] -- Detecting CXX compile features - done
[0.373s] -- Found ament_cmake: 1.3.10 (/opt/ros/humble/share/ament_cmake/cmake)
[0.673s] -- Found Python3: /home/sitong/anaconda3/bin/python3 (found version "3.12.3") found components: Interpreter 
[0.747s] -- Found builtin_interfaces: 1.2.1 (/opt/ros/humble/share/builtin_interfaces/cmake)
[0.774s] -- Found rosidl_generator_c: 3.1.5 (/opt/ros/humble/share/rosidl_generator_c/cmake)
[0.778s] -- Found rosidl_adapter: 3.1.5 (/opt/ros/humble/share/rosidl_adapter/cmake)
[0.785s] -- Found rosidl_generator_cpp: 3.1.5 (/opt/ros/humble/share/rosidl_generator_cpp/cmake)
[0.794s] -- Using all available rosidl_typesupport_c: rosidl_typesupport_fastrtps_c;rosidl_typesupport_introspection_c
[0.805s] -- Using all available rosidl_typesupport_cpp: rosidl_typesupport_fastrtps_cpp;rosidl_typesupport_introspection_cpp
[0.815s] -- Found rosidl_default_generators: 1.2.0 (/opt/ros/humble/share/rosidl_default_generators/cmake)
[0.822s] -- Found std_msgs: 4.2.4 (/opt/ros/humble/share/std_msgs/cmake)
[0.923s] [31mCMake Error at /opt/ros/humble/share/rosidl_adapter/cmake/rosidl_adapt_interfaces.cmake:59 (message):
[0.923s]   execute_process(/home/sitong/anaconda3/bin/python3 -m rosidl_adapter
[0.923s]   --package-name prius_msgs --arguments-file
[0.923s]   /home/sitong/car_simu/car_demo/build/prius_msgs/rosidl_adapter__arguments__prius_msgs.json
[0.923s]   --output-dir
[0.923s]   /home/sitong/car_simu/car_demo/build/prius_msgs/rosidl_adapter/prius_msgs
[0.923s]   --output-file
[0.923s]   /home/sitong/car_simu/car_demo/build/prius_msgs/rosidl_adapter/prius_msgs.idls)
[0.923s]   returned error code 1:
[0.923s] 
[0.923s]   Traceback (most recent call last):
[0.923s] 
[0.924s]     File "<frozen runpy>", line 198, in _run_module_as_main
[0.924s]     File "<frozen runpy>", line 88, in _run_code
[0.924s]     File "/opt/ros/humble/local/lib/python3.10/dist-packages/rosidl_adapter/__main__.py", line 19, in <module>
[0.924s]       sys.exit(main())
[0.924s]                ^^^^^^
[0.924s]     File "/opt/ros/humble/local/lib/python3.10/dist-packages/rosidl_adapter/main.py", line 53, in main
[0.924s]       abs_idl_file = convert_to_idl(
[0.924s]                      ^^^^^^^^^^^^^^^
[0.924s]     File "/opt/ros/humble/local/lib/python3.10/dist-packages/rosidl_adapter/__init__.py", line 18, in convert_to_idl
[0.924s]       from rosidl_adapter.msg import convert_msg_to_idl
[0.924s]     File "/opt/ros/humble/local/lib/python3.10/dist-packages/rosidl_adapter/msg/__init__.py", line 16, in <module>
[0.924s]       from rosidl_adapter.resource import expand_template
[0.924s]     File "/opt/ros/humble/local/lib/python3.10/dist-packages/rosidl_adapter/resource/__init__.py", line 19, in <module>
[0.924s]       import em
[0.924s] 
[0.924s]   ModuleNotFoundError: No module named 'em'
[0.924s] 
[0.924s] Call Stack (most recent call first):
[0.924s]   /opt/ros/humble/share/rosidl_cmake/cmake/rosidl_generate_interfaces.cmake:130 (rosidl_adapt_interfaces)
[0.924s]   CMakeLists.txt:14 (rosidl_generate_interfaces)
[0.924s] 
[0.924s] [0m
[0.924s] -- Configuring incomplete, errors occurred!
[0.924s] See also "/home/sitong/car_simu/car_demo/build/prius_msgs/CMakeFiles/CMakeOutput.log".
